TN:
SF:src\ApiChain.js
FN:5,setProp
FN:8,ApiChainLocal.<computed>
FN:16,get
FN:17,set
FN:24,applyPrototype
FN:44,ApiChain
FNF:6
FNH:6
FNDA:8,setProp
FNDA:5,ApiChainLocal.<computed>
FNDA:7,get
FNDA:5,set
FNDA:1,applyPrototype
FNDA:1,ApiChain
DA:1,8
DA:2,8
DA:3,8
DA:4,8
DA:5,8
DA:6,8
DA:7,8
DA:8,8
DA:9,5
DA:10,5
DA:11,5
DA:12,5
DA:13,5
DA:14,8
DA:15,8
DA:16,8
DA:17,8
DA:18,5
DA:19,5
DA:20,5
DA:21,8
DA:22,8
DA:23,8
DA:24,8
DA:25,1
DA:26,1
DA:27,1
DA:28,1
DA:29,1
DA:30,1
DA:31,1
DA:32,1
DA:33,1
DA:34,1
DA:35,1
DA:36,1
DA:37,1
DA:38,1
DA:39,1
DA:40,1
DA:41,1
DA:42,1
DA:43,1
DA:44,8
DA:45,1
DA:46,1
DA:47,1
DA:48,1
DA:49,1
DA:50,1
DA:51,1
DA:52,1
DA:53,1
DA:54,1
DA:55,1
DA:56,1
DA:57,1
DA:58,1
DA:59,1
DA:60,1
DA:61,1
DA:62,1
DA:63,1
DA:64,1
DA:65,1
DA:66,1
DA:67,1
DA:68,1
DA:69,1
DA:70,8
LF:70
LH:70
BRDA:1,0,0,8
BRDA:5,1,0,8
BRDA:8,2,0,8
BRDA:10,3,0,4
BRDA:11,4,0,8
BRDA:16,5,0,15
BRDA:16,6,0,15
BRDA:17,7,0,8
BRDA:18,8,0,8
BRDA:24,9,0,8
BRDA:44,10,0,8
BRF:11
BRH:11
end_of_record
TN:
SF:src\CssChain.js
FN:2,map
FN:3,csv
FN:5,collectionText
FN:7,nop
FN:8,isArr
FN:9,isT
FN:10,isStr
FN:11,isNum
FN:12,isFn
FN:13,isNode
FN:14,inWC
FN:15,hasAssigned
FN:16,each
FN:17,clear
FN:21,1
FN:27,3
FN:28,11
FN:30,getNodeText
FN:31,setNodeText
FN:35,assignParent
FN:36,collectionHtml
FN:41,html2NodeArr
FN:44,wrapIfText
FN:54,addNodeHtml
FN:56,set
FN:60,append
FN:70,setNodeHtml
FN:75,attr
FN:76,prop
FN:77,forEach
FN:78,map
FN:79,push
FN:80,querySelector
FN:81,querySelectorAll
FN:82,$
FN:83,parent
FN:92,on
FN:93,append
FN:94,remove
FN:99,erase
FN:100,slots
FN:114,template
FN:135,get innerText
FN:136,set innerText
FN:137,txt
FN:146,get outerHTML
FN:147,set outerHTML
FN:155,get innerHTML
FN:156,set innerHTML
FN:157,html
FN:166,assignedElements
FN:167,assignedNodes
FN:168,cloneNode
FN:169,clone
FN:191,get firstElementChild
FN:192,get firstChild
FN:193,get childNodes
FN:194,get children
FN:200,applyPrototype
FN:223,CssChain
FN:85,add
FN:86,parentLoop
FNF:62
FNH:62
FNDA:7,map
FNDA:2,csv
FNDA:7,collectionText
FNDA:1,nop
FNDA:7,isArr
FNDA:7,isT
FNDA:7,isStr
FNDA:2,isNum
FNDA:6,isFn
FNDA:2,isNode
FNDA:7,inWC
FNDA:7,hasAssigned
FNDA:2,each
FNDA:5,clear
FNDA:7,1
FNDA:4,3
FNDA:2,11
FNDA:7,getNodeText
FNDA:5,setNodeText
FNDA:2,assignParent
FNDA:6,collectionHtml
FNDA:4,html2NodeArr
FNDA:4,wrapIfText
FNDA:5,addNodeHtml
FNDA:4,set
FNDA:5,append
FNDA:5,setNodeHtml
FNDA:1,attr
FNDA:1,prop
FNDA:7,forEach
FNDA:5,map
FNDA:7,push
FNDA:1,querySelector
FNDA:7,querySelectorAll
FNDA:7,$
FNDA:2,parent
FNDA:2,on
FNDA:2,append
FNDA:3,remove
FNDA:2,erase
FNDA:4,slots
FNDA:1,template
FNDA:5,get innerText
FNDA:5,set innerText
FNDA:7,txt
FNDA:1,get outerHTML
FNDA:1,set outerHTML
FNDA:6,get innerHTML
FNDA:3,set innerHTML
FNDA:6,html
FNDA:1,assignedElements
FNDA:3,assignedNodes
FNDA:1,cloneNode
FNDA:2,clone
FNDA:1,get firstElementChild
FNDA:1,get firstChild
FNDA:1,get childNodes
FNDA:2,get children
FNDA:7,applyPrototype
FNDA:7,CssChain
FNDA:2,add
FNDA:1,parentLoop
DA:1,7
DA:2,7
DA:3,7
DA:4,7
DA:5,7
DA:6,7
DA:7,7
DA:8,7
DA:9,7
DA:10,7
DA:11,7
DA:12,7
DA:13,7
DA:14,7
DA:15,7
DA:16,7
DA:17,7
DA:18,5
DA:19,7
DA:20,7
DA:21,7
DA:22,7
DA:23,7
DA:24,6
DA:25,6
DA:26,7
DA:27,7
DA:28,7
DA:29,7
DA:30,7
DA:31,7
DA:32,5
DA:33,5
DA:34,7
DA:35,7
DA:36,7
DA:37,6
DA:38,6
DA:39,7
DA:40,7
DA:41,7
DA:42,4
DA:43,4
DA:44,4
DA:45,4
DA:46,4
DA:47,3
DA:48,3
DA:49,3
DA:50,4
DA:51,4
DA:52,7
DA:53,7
DA:54,7
DA:55,5
DA:56,5
DA:57,4
DA:58,4
DA:59,4
DA:60,5
DA:61,5
DA:62,2
DA:63,2
DA:64,5
DA:65,5
DA:66,5
DA:67,5
DA:68,5
DA:69,5
DA:70,7
DA:71,7
DA:72,7
DA:73,7
DA:74,7
DA:75,7
DA:76,7
DA:77,7
DA:78,7
DA:79,7
DA:80,7
DA:81,7
DA:82,7
DA:83,7
DA:84,2
DA:85,2
DA:86,2
DA:87,1
DA:88,1
DA:89,2
DA:90,2
DA:91,2
DA:92,7
DA:93,7
DA:94,7
DA:95,3
DA:96,3
DA:97,3
DA:98,3
DA:99,7
DA:100,7
DA:101,4
DA:102,4
DA:103,2
DA:104,2
DA:105,2
DA:106,2
DA:107,4
DA:108,4
DA:109,4
DA:110,1
DA:111,1
DA:112,4
DA:113,4
DA:114,7
DA:115,1
DA:116,1
DA:117,1
DA:118,1
DA:119,1
DA:120,1
DA:121,1
DA:122,1
DA:123,1
DA:124,1
DA:125,1
DA:126,1
DA:127,1
DA:128,1
DA:129,1
DA:130,1
DA:131,1
DA:132,1
DA:133,1
DA:134,1
DA:135,7
DA:136,7
DA:137,7
DA:138,7
DA:139,7
DA:140,7
DA:141,7
DA:142,7
DA:143,7
DA:144,7
DA:145,7
DA:146,7
DA:147,7
DA:148,1
DA:149,1
DA:150,1
DA:151,1
DA:152,1
DA:153,1
DA:154,1
DA:155,7
DA:156,7
DA:157,7
DA:158,6
DA:159,6
DA:160,6
DA:161,3
DA:162,3
DA:163,6
DA:164,6
DA:165,6
DA:166,7
DA:167,7
DA:168,7
DA:169,7
DA:170,2
DA:171,2
DA:172,2
DA:173,2
DA:174,2
DA:175,2
DA:176,2
DA:177,2
DA:178,2
DA:179,2
DA:180,2
DA:181,2
DA:182,2
DA:183,2
DA:184,2
DA:185,2
DA:186,2
DA:187,2
DA:188,2
DA:189,2
DA:190,2
DA:191,7
DA:192,7
DA:193,7
DA:194,7
DA:195,7
DA:196,7
DA:197,7
DA:198,7
DA:199,7
DA:200,7
DA:201,7
DA:202,7
DA:203,7
DA:204,7
DA:205,7
DA:206,7
DA:207,7
DA:208,7
DA:209,7
DA:210,7
DA:211,7
DA:212,7
DA:213,7
DA:214,7
DA:215,7
DA:216,7
DA:217,7
DA:218,7
DA:219,7
DA:220,7
DA:221,7
DA:222,7
DA:223,7
DA:224,7
DA:225,7
DA:226,7
DA:227,7
DA:228,7
DA:229,7
DA:230,7
DA:231,7
DA:232,7
DA:233,7
DA:234,2
DA:235,7
DA:236,7
DA:237,7
DA:238,7
DA:239,7
DA:240,7
DA:241,7
LF:241
LH:241
BRDA:1,0,0,439
BRDA:2,1,0,7
BRDA:5,2,0,13
BRDA:5,3,0,13
BRDA:8,4,0,7
BRDA:9,5,0,7
BRDA:10,6,0,7
BRDA:12,7,0,7
BRDA:14,8,0,7
BRDA:15,9,0,13
BRDA:17,10,0,12
BRDA:18,11,0,8
BRDA:21,12,0,9
BRDA:22,13,0,2
BRDA:23,14,0,8
BRDA:27,15,0,7
BRDA:30,16,0,13
BRDA:30,17,0,13
BRDA:36,18,0,7
BRDA:36,19,0,11
BRDA:37,20,0,6
BRDA:41,21,0,7
BRDA:44,22,0,7
BRDA:47,23,0,6
BRDA:51,24,0,7
BRDA:54,25,0,12
BRDA:67,26,0,5
BRDA:56,27,0,12
BRDA:57,28,0,6
BRDA:58,29,0,6
BRDA:60,30,0,12
BRDA:61,31,0,8
BRDA:70,32,0,7
BRDA:77,33,0,7
BRDA:78,34,0,7
BRDA:79,35,0,7
BRDA:81,36,0,13
BRDA:81,37,0,13
BRDA:82,38,0,13
BRDA:100,39,0,12
BRDA:102,40,0,10
BRDA:109,41,0,4
BRDA:101,42,0,7
BRDA:137,43,0,16
BRDA:138,44,0,1
BRDA:143,45,0,10
BRDA:155,46,0,7
BRDA:156,47,0,7
BRDA:157,48,0,13
BRDA:158,49,0,2
BRDA:162,50,0,6
BRDA:163,51,0,4
BRDA:200,52,0,7
BRDA:202,53,0,2
BRDA:215,54,0,2
BRDA:219,55,0,7
BRDA:220,56,0,7
BRDA:221,57,0,7
BRDA:223,58,0,11
BRDA:227,59,0,6
BRDA:228,60,0,4
BRDA:228,61,0,2
BRDA:233,62,0,2
BRDA:236,63,0,7
BRDA:3,64,0,439
BRDA:7,65,0,439
BRDA:16,66,0,439
BRDA:18,67,0,8
BRDA:28,68,0,439
BRDA:31,69,0,439
BRDA:33,70,0,439
BRDA:35,71,0,439
BRDA:35,72,0,439
BRDA:38,73,0,11
BRDA:37,74,0,6
BRDA:62,75,0,8
BRDA:82,76,0,13
BRDA:107,77,0,12
BRDA:103,78,0,10
BRDA:136,79,0,439
BRDA:140,80,0,16
BRDA:142,81,0,16
BRDA:143,82,0,10
BRDA:161,83,0,13
BRDA:163,84,0,13
BRDA:167,85,0,439
BRDA:167,86,0,439
BRDA:167,87,0,439
BRDA:11,88,0,439
BRDA:13,89,0,439
BRDA:15,90,0,13
BRDA:22,91,0,9
BRDA:26,92,0,8
BRDA:33,93,0,439
BRDA:75,94,0,439
BRDA:76,95,0,439
BRDA:76,96,0,439
BRDA:80,97,0,439
BRDA:83,98,0,439
BRDA:85,99,0,439
BRDA:86,100,0,439
BRDA:90,101,0,439
BRDA:90,102,0,439
BRDA:93,103,0,439
BRDA:93,104,0,439
BRDA:99,105,0,439
BRDA:99,106,0,439
BRDA:135,107,0,439
BRDA:142,108,0,16
BRDA:146,109,0,439
BRDA:146,110,0,439
BRDA:147,111,0,439
BRDA:148,112,0,439
BRDA:151,113,0,439
BRDA:162,114,0,6
BRDA:168,115,0,439
BRDA:168,116,0,439
BRDA:169,117,0,439
BRDA:173,118,0,439
BRDA:177,119,0,439
BRDA:177,120,0,439
BRDA:183,121,0,439
BRDA:189,122,0,439
BRDA:189,123,0,439
BRDA:191,124,0,439
BRDA:191,125,0,439
BRDA:191,126,0,439
BRDA:192,127,0,439
BRDA:192,128,0,439
BRDA:192,129,0,439
BRDA:193,130,0,439
BRDA:193,131,0,439
BRDA:193,132,0,439
BRDA:194,133,0,439
BRDA:194,134,0,439
BRDA:194,135,0,439
BRDA:19,136,0,12
BRDA:34,137,0,439
BRDA:64,138,0,12
BRDA:166,139,0,439
BRDA:166,140,0,439
BRDA:166,141,0,439
BRDA:13,142,0,439
BRDA:68,143,0,12
BRDA:58,144,0,12
BRDA:90,145,0,439
BRDA:85,146,0,439
BRDA:94,147,0,439
BRDA:97,148,0,439
BRDA:96,149,0,439
BRDA:114,150,0,439
BRDA:117,151,0,439
BRDA:127,152,0,439
BRDA:128,153,0,439
BRDA:132,154,0,439
BRDA:173,155,0,439
BRDA:179,156,0,439
BRDA:181,157,0,439
BRDA:184,158,0,439
BRDA:92,159,0,439
BRDA:228,160,0,11
BRF:161
BRH:161
end_of_record
TN:
SF:src\CssChainElement.js
FN:6,CssChainElement
FN:19,get template
FN:27,$
FN:29,__increment
FNF:4
FNH:4
FNDA:1,CssChainElement
FNDA:1,get template
FNDA:1,$
FNDA:1,__increment
DA:1,1
DA:2,1
DA:3,1
DA:4,1
DA:5,1
DA:6,1
DA:7,1
DA:8,1
DA:9,1
DA:10,1
DA:11,1
DA:12,1
DA:13,1
DA:14,1
DA:15,1
DA:16,1
DA:17,1
DA:18,1
DA:19,1
DA:20,1
DA:21,1
DA:22,1
DA:23,1
DA:24,1
DA:25,1
DA:26,1
DA:27,1
DA:28,1
DA:29,1
DA:30,1
DA:31,1
DA:32,1
DA:33,1
DA:34,1
LF:34
LH:34
BRDA:1,0,0,1
BRDA:6,1,0,1
BRDA:16,2,0,1
BRDA:19,3,0,1
BRDA:27,4,0,1
BRDA:29,5,0,1
BRF:6
BRH:6
end_of_record
TN:
SF:src\css-chain-element.js
FNF:0
FNH:0
DA:1,1
DA:2,1
DA:3,1
DA:4,1
DA:5,1
LF:5
LH:5
BRDA:1,0,0,1
BRF:1
BRH:1
end_of_record
TN:
SF:src\slots-in-shadow.js
FN:33,SlotsInShadowDemo
FN:38,SlotsInShadowDemo.$
FNF:2
FNH:2
FNDA:2,SlotsInShadowDemo
FNDA:2,SlotsInShadowDemo.$
DA:1,3
DA:2,3
DA:3,3
DA:4,3
DA:5,3
DA:6,3
DA:7,3
DA:8,3
DA:9,3
DA:10,3
DA:11,3
DA:12,3
DA:13,3
DA:14,3
DA:15,3
DA:16,3
DA:17,3
DA:18,3
DA:19,3
DA:20,3
DA:21,3
DA:22,3
DA:23,3
DA:24,3
DA:25,3
DA:26,3
DA:27,3
DA:28,3
DA:29,3
DA:30,3
DA:31,3
DA:32,3
DA:33,3
DA:34,2
DA:35,2
DA:36,2
DA:37,2
DA:38,2
DA:39,2
DA:40,3
DA:41,3
LF:41
LH:41
BRDA:1,0,0,3
BRDA:33,1,0,3
BRDA:38,2,0,3
BRF:3
BRH:3
end_of_record
TN:
SF:src\slots-light-vs-shadow.js
FN:12,createTestTree
FN:17,attachShadowFromTemplate
FN:45,walkShadowDom
FN:61,walkLightDom
FN:76,cloneAppend
FN:95,removeWhiteSpaceOnlyTextNodes
FNF:6
FNH:6
FNDA:1,createTestTree
FNDA:1,attachShadowFromTemplate
FNDA:1,walkShadowDom
FNDA:1,walkLightDom
FNDA:1,cloneAppend
FNDA:1,removeWhiteSpaceOnlyTextNodes
DA:1,1
DA:2,1
DA:3,1
DA:4,1
DA:5,1
DA:6,1
DA:7,1
DA:8,1
DA:9,1
DA:10,1
DA:11,1
DA:12,1
DA:13,1
DA:14,1
DA:15,1
DA:16,1
DA:17,1
DA:18,1
DA:19,1
DA:20,1
DA:21,1
DA:22,1
DA:23,1
DA:24,1
DA:25,1
DA:26,1
DA:27,1
DA:28,1
DA:29,1
DA:30,1
DA:31,1
DA:32,1
DA:33,1
DA:34,1
DA:35,1
DA:36,1
DA:37,1
DA:38,1
DA:39,1
DA:40,1
DA:41,1
DA:42,1
DA:43,1
DA:44,1
DA:45,1
DA:46,1
DA:47,1
DA:48,1
DA:49,1
DA:50,1
DA:51,1
DA:52,1
DA:53,1
DA:54,1
DA:55,1
DA:56,1
DA:57,1
DA:58,1
DA:59,1
DA:60,1
DA:61,1
DA:62,1
DA:63,1
DA:64,1
DA:65,1
DA:66,1
DA:67,1
DA:68,1
DA:69,1
DA:70,1
DA:71,1
DA:72,1
DA:73,1
DA:74,1
DA:75,1
DA:76,1
DA:77,1
DA:78,1
DA:79,1
DA:80,1
DA:81,1
DA:82,1
DA:83,1
DA:84,1
DA:85,1
DA:86,1
DA:87,1
DA:88,1
DA:89,1
DA:90,1
DA:91,1
DA:92,1
DA:93,1
DA:94,1
DA:95,1
DA:96,1
DA:97,1
DA:98,1
DA:99,1
DA:100,1
DA:101,1
DA:102,1
DA:103,1
DA:104,1
DA:105,1
DA:106,1
DA:107,1
DA:108,1
DA:109,1
LF:109
LH:109
BRDA:1,0,0,1
BRDA:12,1,0,1
BRDA:17,2,0,1
BRDA:23,3,0,1
BRDA:37,4,0,1
BRDA:45,5,0,1
BRDA:48,6,0,1
BRDA:61,7,0,1
BRDA:65,8,0,1
BRDA:68,9,0,1
BRDA:76,10,0,1
BRDA:95,11,0,1
BRF:12
BRH:12
end_of_record
