TN:
SF:src\ApiChain.js
FN:5,setProp
FN:8,ApiChainLocal.<computed>
FN:21,get
FN:22,set
FN:29,applyPrototype
FN:49,ApiChain
FNF:6
FNH:6
FNDA:8,setProp
FNDA:6,ApiChainLocal.<computed>
FNDA:7,get
FNDA:5,set
FNDA:1,applyPrototype
FNDA:1,ApiChain
DA:1,8
DA:2,8
DA:3,8
DA:4,8
DA:5,8
DA:6,8
DA:7,8
DA:8,8
DA:9,6
DA:10,6
DA:11,2
DA:12,2
DA:13,2
DA:14,2
DA:15,2
DA:16,6
DA:17,6
DA:18,6
DA:19,8
DA:20,8
DA:21,8
DA:22,8
DA:23,5
DA:24,5
DA:25,5
DA:26,8
DA:27,8
DA:28,8
DA:29,8
DA:30,1
DA:31,1
DA:32,1
DA:33,1
DA:34,1
DA:35,1
DA:36,1
DA:37,1
DA:38,1
DA:39,1
DA:40,1
DA:41,1
DA:42,1
DA:43,1
DA:44,1
DA:45,1
DA:46,1
DA:47,1
DA:48,1
DA:49,8
DA:50,1
DA:51,1
DA:52,1
DA:53,1
DA:54,1
DA:55,1
DA:56,1
DA:57,1
DA:58,1
DA:59,1
DA:60,1
DA:61,1
DA:62,1
DA:63,1
DA:64,1
DA:65,1
DA:66,1
DA:67,1
DA:68,1
DA:69,1
DA:70,1
DA:71,1
DA:72,1
DA:73,1
DA:74,1
DA:75,8
LF:75
LH:75
BRDA:1,0,0,8
BRDA:5,1,0,8
BRDA:8,2,0,11
BRDA:16,3,0,8
BRDA:21,4,0,8
BRDA:22,5,0,8
BRDA:23,6,0,8
BRDA:29,7,0,8
BRDA:49,8,0,8
BRDA:10,9,0,11
BRF:10
BRH:10
end_of_record
TN:
SF:src\CssChain.js
FN:2,map
FN:3,csv
FN:5,collectionText
FN:6,createEl
FN:7,nodeProp
FN:8,isNode
FN:10,nop
FN:11,isArr
FN:12,isT
FN:13,isStr
FN:14,isNum
FN:15,isFn
FN:16,inWC
FN:17,hasAssigned
FN:18,each
FN:19,clear
FN:24,1
FN:30,3
FN:31,11
FN:33,getNodeText
FN:34,setNodeText
FN:38,assignParent
FN:39,collectionHtml
FN:44,html2NodeArr
FN:52,wrapIfText
FN:62,addNodeHtml
FN:64,set
FN:68,append
FN:78,setNodeHtml
FN:79,assignedNodesLight
FN:92,attr
FN:93,prop
FN:94,forEach
FN:95,map
FN:96,push
FN:97,querySelector
FN:98,querySelectorAll
FN:99,$
FN:100,parent
FN:109,on
FN:110,append
FN:111,remove
FN:116,erase
FN:117,slots
FN:141,template
FN:186,get innerText
FN:187,set innerText
FN:188,txt
FN:197,get outerHTML
FN:198,set outerHTML
FN:206,get innerHTML
FN:207,set innerHTML
FN:208,html
FN:217,assignedElements
FN:218,assignedNodes
FN:219,cloneNode
FN:220,clone
FN:242,get firstElementChild
FN:243,get firstChild
FN:244,get childNodes
FN:245,get children
FN:251,applyPrototype
FN:274,CssChain
FN:102,add
FN:103,parentLoop
FN:82,flatten
FN:164,insert
FN:171,injectInSlot
FNF:68
FNH:68
FNDA:7,map
FNDA:3,csv
FNDA:7,collectionText
FNDA:7,createEl
FNDA:1,nodeProp
FNDA:5,isNode
FNDA:1,nop
FNDA:7,isArr
FNDA:7,isT
FNDA:7,isStr
FNDA:1,isNum
FNDA:6,isFn
FNDA:7,inWC
FNDA:7,hasAssigned
FNDA:3,each
FNDA:4,clear
FNDA:7,1
FNDA:4,3
FNDA:2,11
FNDA:7,getNodeText
FNDA:5,setNodeText
FNDA:2,assignParent
FNDA:6,collectionHtml
FNDA:5,html2NodeArr
FNDA:5,wrapIfText
FNDA:5,addNodeHtml
FNDA:4,set
FNDA:5,append
FNDA:4,setNodeHtml
FNDA:1,assignedNodesLight
FNDA:1,attr
FNDA:1,prop
FNDA:7,forEach
FNDA:5,map
FNDA:7,push
FNDA:1,querySelector
FNDA:7,querySelectorAll
FNDA:7,$
FNDA:2,parent
FNDA:2,on
FNDA:2,append
FNDA:3,remove
FNDA:2,erase
FNDA:4,slots
FNDA:1,template
FNDA:5,get innerText
FNDA:5,set innerText
FNDA:7,txt
FNDA:1,get outerHTML
FNDA:1,set outerHTML
FNDA:6,get innerHTML
FNDA:3,set innerHTML
FNDA:6,html
FNDA:1,assignedElements
FNDA:3,assignedNodes
FNDA:2,cloneNode
FNDA:1,clone
FNDA:1,get firstElementChild
FNDA:1,get firstChild
FNDA:2,get childNodes
FNDA:2,get children
FNDA:7,applyPrototype
FNDA:7,CssChain
FNDA:2,add
FNDA:1,parentLoop
FNDA:1,flatten
FNDA:1,insert
FNDA:1,injectInSlot
DA:1,7
DA:2,7
DA:3,7
DA:4,7
DA:5,7
DA:6,7
DA:7,1
DA:8,7
DA:9,7
DA:10,7
DA:11,7
DA:12,7
DA:13,7
DA:14,7
DA:15,7
DA:16,7
DA:17,7
DA:18,7
DA:19,7
DA:20,4
DA:21,4
DA:22,7
DA:23,7
DA:24,7
DA:25,7
DA:26,7
DA:27,6
DA:28,6
DA:29,7
DA:30,7
DA:31,7
DA:32,7
DA:33,7
DA:34,7
DA:35,5
DA:36,5
DA:37,7
DA:38,7
DA:39,7
DA:40,6
DA:41,6
DA:42,7
DA:43,7
DA:44,7
DA:45,5
DA:46,5
DA:47,5
DA:48,5
DA:49,5
DA:50,5
DA:51,5
DA:52,5
DA:53,5
DA:54,5
DA:55,3
DA:56,3
DA:57,3
DA:58,5
DA:59,5
DA:60,7
DA:61,7
DA:62,7
DA:63,5
DA:64,5
DA:65,4
DA:66,4
DA:67,4
DA:68,5
DA:69,5
DA:70,2
DA:71,2
DA:72,5
DA:73,5
DA:74,5
DA:75,5
DA:76,5
DA:77,5
DA:78,7
DA:79,1
DA:80,1
DA:81,1
DA:82,1
DA:83,1
DA:84,1
DA:85,1
DA:86,1
DA:87,1
DA:88,7
DA:89,7
DA:90,7
DA:91,7
DA:92,7
DA:93,7
DA:94,7
DA:95,7
DA:96,7
DA:97,7
DA:98,7
DA:99,7
DA:100,7
DA:101,2
DA:102,2
DA:103,2
DA:104,1
DA:105,1
DA:106,2
DA:107,2
DA:108,2
DA:109,7
DA:110,7
DA:111,7
DA:112,3
DA:113,3
DA:114,3
DA:115,3
DA:116,7
DA:117,7
DA:118,4
DA:119,4
DA:120,4
DA:121,3
DA:122,3
DA:123,3
DA:124,3
DA:125,4
DA:126,4
DA:127,4
DA:128,4
DA:129,4
DA:130,3
DA:131,3
DA:132,3
DA:133,3
DA:134,4
DA:135,4
DA:136,4
DA:137,1
DA:138,1
DA:139,4
DA:140,4
DA:141,7
DA:142,1
DA:143,1
DA:144,1
DA:145,1
DA:146,1
DA:147,1
DA:148,1
DA:149,1
DA:150,1
DA:151,1
DA:152,1
DA:153,1
DA:154,1
DA:155,1
DA:156,1
DA:157,1
DA:158,1
DA:159,1
DA:160,1
DA:161,1
DA:162,1
DA:163,1
DA:164,1
DA:165,1
DA:166,1
DA:167,1
DA:168,1
DA:169,1
DA:170,1
DA:171,1
DA:172,1
DA:173,1
DA:174,1
DA:175,1
DA:176,1
DA:177,1
DA:178,1
DA:179,1
DA:180,1
DA:181,1
DA:182,1
DA:183,1
DA:184,1
DA:185,1
DA:186,7
DA:187,7
DA:188,7
DA:189,7
DA:190,7
DA:191,7
DA:192,5
DA:193,5
DA:194,7
DA:195,7
DA:196,7
DA:197,7
DA:198,7
DA:199,1
DA:200,1
DA:201,1
DA:202,1
DA:203,1
DA:204,1
DA:205,1
DA:206,7
DA:207,7
DA:208,7
DA:209,6
DA:210,6
DA:211,6
DA:212,6
DA:213,6
DA:214,6
DA:215,6
DA:216,6
DA:217,7
DA:218,7
DA:219,7
DA:220,7
DA:221,1
DA:222,1
DA:223,1
DA:224,1
DA:225,1
DA:226,1
DA:227,1
DA:228,1
DA:229,1
DA:230,1
DA:231,1
DA:232,1
DA:233,1
DA:234,1
DA:235,1
DA:236,1
DA:237,1
DA:238,1
DA:239,1
DA:240,1
DA:241,1
DA:242,7
DA:243,7
DA:244,7
DA:245,7
DA:246,7
DA:247,7
DA:248,7
DA:249,7
DA:250,7
DA:251,7
DA:252,7
DA:253,7
DA:254,7
DA:255,7
DA:256,7
DA:257,7
DA:258,7
DA:259,7
DA:260,7
DA:261,7
DA:262,7
DA:263,7
DA:264,7
DA:265,7
DA:266,7
DA:267,7
DA:268,7
DA:269,7
DA:270,7
DA:271,7
DA:272,7
DA:273,7
DA:274,7
DA:275,7
DA:276,7
DA:277,7
DA:278,7
DA:279,7
DA:280,7
DA:281,7
DA:282,7
DA:283,7
DA:284,7
DA:285,2
DA:286,7
DA:287,7
DA:288,7
DA:289,7
DA:290,7
DA:291,7
DA:292,7
LF:292
LH:292
BRDA:1,0,0,468
BRDA:2,1,0,7
BRDA:5,2,0,13
BRDA:5,3,0,13
BRDA:6,4,0,7
BRDA:8,5,0,7
BRDA:11,6,0,7
BRDA:12,7,0,7
BRDA:13,8,0,7
BRDA:15,9,0,7
BRDA:16,10,0,7
BRDA:17,11,0,13
BRDA:19,12,0,12
BRDA:20,13,0,10
BRDA:24,14,0,9
BRDA:25,15,0,2
BRDA:26,16,0,8
BRDA:30,17,0,7
BRDA:33,18,0,13
BRDA:33,19,0,13
BRDA:39,20,0,7
BRDA:39,21,0,11
BRDA:40,22,0,6
BRDA:44,23,0,7
BRDA:47,24,0,3
BRDA:49,25,0,9
BRDA:52,26,0,7
BRDA:55,27,0,5
BRDA:59,28,0,7
BRDA:62,29,0,12
BRDA:75,30,0,5
BRDA:64,31,0,12
BRDA:65,32,0,6
BRDA:66,33,0,6
BRDA:68,34,0,12
BRDA:69,35,0,8
BRDA:78,36,0,7
BRDA:94,37,0,7
BRDA:95,38,0,7
BRDA:96,39,0,7
BRDA:98,40,0,13
BRDA:98,41,0,13
BRDA:99,42,0,13
BRDA:117,43,0,17
BRDA:120,44,0,12
BRDA:129,45,0,12
BRDA:136,46,0,4
BRDA:126,47,0,13
BRDA:126,48,0,13
BRDA:127,49,0,7
BRDA:128,50,0,7
BRDA:188,51,0,12
BRDA:189,52,0,1
BRDA:192,53,0,7
BRDA:194,54,0,10
BRDA:206,55,0,7
BRDA:207,56,0,7
BRDA:208,57,0,10
BRDA:209,58,0,2
BRDA:213,59,0,12
BRDA:214,60,0,4
BRDA:251,61,0,7
BRDA:253,62,0,2
BRDA:266,63,0,2
BRDA:270,64,0,7
BRDA:271,65,0,7
BRDA:272,66,0,7
BRDA:274,67,0,17
BRDA:278,68,0,6
BRDA:279,69,0,2
BRDA:284,70,0,2
BRDA:287,71,0,7
BRDA:3,72,0,468
BRDA:10,73,0,468
BRDA:18,74,0,468
BRDA:20,75,0,10
BRDA:31,76,0,468
BRDA:34,77,0,468
BRDA:36,78,0,468
BRDA:38,79,0,468
BRDA:38,80,0,468
BRDA:41,81,0,11
BRDA:40,82,0,6
BRDA:49,83,0,9
BRDA:49,84,0,9
BRDA:70,85,0,8
BRDA:99,86,0,13
BRDA:125,87,0,17
BRDA:134,88,0,17
BRDA:121,89,0,12
BRDA:130,90,0,12
BRDA:187,91,0,468
BRDA:191,92,0,12
BRDA:193,93,0,7
BRDA:194,94,0,10
BRDA:214,95,0,10
BRDA:218,96,0,468
BRDA:218,97,0,468
BRDA:218,98,0,468
BRDA:14,99,0,468
BRDA:17,100,0,13
BRDA:25,101,0,9
BRDA:29,102,0,8
BRDA:36,103,0,468
BRDA:92,104,0,468
BRDA:93,105,0,468
BRDA:93,106,0,468
BRDA:97,107,0,468
BRDA:100,108,0,468
BRDA:102,109,0,468
BRDA:103,110,0,468
BRDA:107,111,0,468
BRDA:107,112,0,468
BRDA:110,113,0,468
BRDA:110,114,0,468
BRDA:116,115,0,468
BRDA:116,116,0,468
BRDA:186,117,0,468
BRDA:193,118,0,7
BRDA:197,119,0,468
BRDA:197,120,0,468
BRDA:198,121,0,468
BRDA:199,122,0,468
BRDA:202,123,0,468
BRDA:213,124,0,12
BRDA:219,125,0,468
BRDA:219,126,0,468
BRDA:220,127,0,468
BRDA:224,128,0,468
BRDA:228,129,0,468
BRDA:228,130,0,468
BRDA:234,131,0,468
BRDA:240,132,0,468
BRDA:240,133,0,468
BRDA:242,134,0,468
BRDA:242,135,0,468
BRDA:242,136,0,468
BRDA:243,137,0,468
BRDA:243,138,0,468
BRDA:243,139,0,468
BRDA:244,140,0,468
BRDA:244,141,0,468
BRDA:244,142,0,468
BRDA:245,143,0,468
BRDA:245,144,0,468
BRDA:245,145,0,468
BRDA:21,146,0,12
BRDA:37,147,0,468
BRDA:72,148,0,12
BRDA:217,149,0,468
BRDA:217,150,0,468
BRDA:217,151,0,468
BRDA:7,152,0,468
BRDA:76,153,0,12
BRDA:66,154,0,12
BRDA:79,155,0,468
BRDA:82,156,0,468
BRDA:107,157,0,468
BRDA:102,158,0,468
BRDA:111,159,0,468
BRDA:114,160,0,468
BRDA:114,161,0,468
BRDA:113,162,0,468
BRDA:141,163,0,468
BRDA:146,164,0,468
BRDA:150,165,0,468
BRDA:159,166,0,468
BRDA:160,167,0,468
BRDA:164,168,0,468
BRDA:170,169,0,468
BRDA:171,170,0,468
BRDA:175,171,0,468
BRDA:179,172,0,468
BRDA:182,173,0,468
BRDA:109,174,0,468
BRDA:279,175,0,17
BRDA:279,176,0,17
BRF:177
BRH:177
end_of_record
TN:
SF:src\CssChainElement.js
FN:6,CssChainElement
FN:19,get template
FN:27,$
FN:29,__increment
FNF:4
FNH:4
FNDA:1,CssChainElement
FNDA:1,get template
FNDA:1,$
FNDA:1,__increment
DA:1,1
DA:2,1
DA:3,1
DA:4,1
DA:5,1
DA:6,1
DA:7,1
DA:8,1
DA:9,1
DA:10,1
DA:11,1
DA:12,1
DA:13,1
DA:14,1
DA:15,1
DA:16,1
DA:17,1
DA:18,1
DA:19,1
DA:20,1
DA:21,1
DA:22,1
DA:23,1
DA:24,1
DA:25,1
DA:26,1
DA:27,1
DA:28,1
DA:29,1
DA:30,1
DA:31,1
DA:32,1
DA:33,1
DA:34,1
LF:34
LH:34
BRDA:1,0,0,1
BRDA:6,1,0,1
BRDA:16,2,0,1
BRDA:19,3,0,1
BRDA:27,4,0,1
BRDA:29,5,0,1
BRF:6
BRH:6
end_of_record
TN:
SF:src\css-chain-element.js
FNF:0
FNH:0
DA:1,1
DA:2,1
DA:3,1
DA:4,1
DA:5,1
LF:5
LH:5
BRDA:1,0,0,1
BRF:1
BRH:1
end_of_record
TN:
SF:src\slots-in-shadow.js
FN:33,SlotsInShadowDemo
FN:38,SlotsInShadowDemo.$
FNF:2
FNH:2
FNDA:2,SlotsInShadowDemo
FNDA:2,SlotsInShadowDemo.$
DA:1,3
DA:2,3
DA:3,3
DA:4,3
DA:5,3
DA:6,3
DA:7,3
DA:8,3
DA:9,3
DA:10,3
DA:11,3
DA:12,3
DA:13,3
DA:14,3
DA:15,3
DA:16,3
DA:17,3
DA:18,3
DA:19,3
DA:20,3
DA:21,3
DA:22,3
DA:23,3
DA:24,3
DA:25,3
DA:26,3
DA:27,3
DA:28,3
DA:29,3
DA:30,3
DA:31,3
DA:32,3
DA:33,3
DA:34,2
DA:35,2
DA:36,2
DA:37,2
DA:38,2
DA:39,2
DA:40,3
DA:41,3
LF:41
LH:41
BRDA:1,0,0,3
BRDA:33,1,0,3
BRDA:38,2,0,3
BRF:3
BRH:3
end_of_record
TN:
SF:src\slots-light-vs-shadow.js
FN:12,createTestTree
FN:17,attachShadowFromTemplate
FN:45,walkShadowDom
FN:61,walkLightDom
FN:76,cloneAppend
FN:96,removeWhiteSpaceOnlyTextNodes
FNF:6
FNH:6
FNDA:1,createTestTree
FNDA:1,attachShadowFromTemplate
FNDA:1,walkShadowDom
FNDA:1,walkLightDom
FNDA:1,cloneAppend
FNDA:1,removeWhiteSpaceOnlyTextNodes
DA:1,1
DA:2,1
DA:3,1
DA:4,1
DA:5,1
DA:6,1
DA:7,1
DA:8,1
DA:9,1
DA:10,1
DA:11,1
DA:12,1
DA:13,1
DA:14,1
DA:15,1
DA:16,1
DA:17,1
DA:18,1
DA:19,1
DA:20,1
DA:21,1
DA:22,1
DA:23,1
DA:24,1
DA:25,1
DA:26,1
DA:27,1
DA:28,1
DA:29,1
DA:30,1
DA:31,1
DA:32,1
DA:33,1
DA:34,1
DA:35,1
DA:36,1
DA:37,1
DA:38,1
DA:39,1
DA:40,1
DA:41,1
DA:42,1
DA:43,1
DA:44,1
DA:45,1
DA:46,1
DA:47,1
DA:48,1
DA:49,1
DA:50,1
DA:51,1
DA:52,1
DA:53,1
DA:54,1
DA:55,1
DA:56,1
DA:57,1
DA:58,1
DA:59,1
DA:60,1
DA:61,1
DA:62,1
DA:63,1
DA:64,1
DA:65,1
DA:66,1
DA:67,1
DA:68,1
DA:69,1
DA:70,1
DA:71,1
DA:72,1
DA:73,1
DA:74,1
DA:75,1
DA:76,1
DA:77,1
DA:78,1
DA:79,1
DA:80,1
DA:81,1
DA:82,1
DA:83,1
DA:84,1
DA:85,1
DA:86,1
DA:87,1
DA:88,1
DA:89,1
DA:90,1
DA:91,1
DA:92,1
DA:93,1
DA:94,1
DA:95,1
DA:96,1
DA:97,1
DA:98,1
DA:99,1
DA:100,1
DA:101,1
DA:102,1
DA:103,1
DA:104,1
DA:105,1
DA:106,1
DA:107,1
DA:108,1
DA:109,1
DA:110,1
LF:110
LH:110
BRDA:1,0,0,1
BRDA:12,1,0,1
BRDA:17,2,0,1
BRDA:23,3,0,1
BRDA:37,4,0,1
BRDA:45,5,0,1
BRDA:61,6,0,1
BRDA:65,7,0,1
BRDA:68,8,0,1
BRDA:76,9,0,1
BRDA:96,10,0,1
BRF:11
BRH:11
end_of_record
